0 info it worked if it ends with ok
1 verbose cli [ 'C:\\Program Files\\nodejs\\node.exe',
1 verbose cli   'C:\\Program Files\\nodejs\\node_modules\\npm\\bin\\npm-cli.js',
1 verbose cli   'run',
1 verbose cli   'test' ]
2 info using npm@3.10.10
3 info using node@v6.10.0
4 verbose run-script [ 'pretest', 'test', 'posttest' ]
5 info lifecycle usersmongo@1.0.0~pretest: usersmongo@1.0.0
6 silly lifecycle usersmongo@1.0.0~pretest: no script for pretest, continuing
7 info lifecycle usersmongo@1.0.0~test: usersmongo@1.0.0
8 verbose lifecycle usersmongo@1.0.0~test: unsafe-perm in lifecycle true
9 verbose lifecycle usersmongo@1.0.0~test: PATH: C:\Program Files\nodejs\node_modules\npm\bin\node-gyp-bin;C:\users\HP Pavilion\Documents\noby-coding\usersMongo\node_modules\.bin;C:\Users\HP Pavilion\bin;C:\Program Files\Git\mingw64\bin;C:\Program Files\Git\usr\local\bin;C:\Program Files\Git\usr\bin;C:\Program Files\Git\usr\bin;C:\Program Files\Git\cmd;C:\Program Files\ConEmu\ConEmu\Scripts;C:\Program Files\ConEmu;C:\Program Files\ConEmu\ConEmu;C:\tools\ruby23\bin;C:\WINDOWS\system32;C:\WINDOWS;C:\WINDOWS\System32\Wbem;C:\WINDOWS\System32\WindowsPowerShell\v1.0;C:\Program Files\nodejs;C:\ProgramData\chocolatey\bin;C:\Program Files\Git\cmd;C:\Program Files (x86)\Skype\Phone;C:\Ruby23\bin;C:\Users\HP Pavilion\AppData\Local\Microsoft\WindowsApps;C:\Users\HP Pavilion\.babun;C:\Users\HP Pavilion\AppData\Roaming\npm;C:\Program Files\MongoDB\Server\3.4\bin;C:\Users\HP Pavilion\AppData\Local\atom\bin;C:\Program Files (x86)\Microsoft VS Code\bin;C:\Users\HP Pavilion\AppData\Local\.meteor;C:\Users\HP Pavilion\AppData\Local\Microsoft\WindowsApps;C:\Program Files\Git\usr\bin\vendor_perl;C:\Program Files\Git\usr\bin\core_perl
10 verbose lifecycle usersmongo@1.0.0~test: CWD: C:\users\HP Pavilion\Documents\noby-coding\usersMongo
11 silly lifecycle usersmongo@1.0.0~test: Args: [ '/d /s /c', 'nodemon --exec mocha' ]
12 silly lifecycle usersmongo@1.0.0~test: Returned: code: 100  signal: null
13 info lifecycle usersmongo@1.0.0~test: Failed to exec test script
14 verbose stack Error: usersmongo@1.0.0 test: `nodemon --exec mocha`
14 verbose stack Exit status 100
14 verbose stack     at EventEmitter.<anonymous> (C:\Program Files\nodejs\node_modules\npm\lib\utils\lifecycle.js:255:16)
14 verbose stack     at emitTwo (events.js:106:13)
14 verbose stack     at EventEmitter.emit (events.js:191:7)
14 verbose stack     at ChildProcess.<anonymous> (C:\Program Files\nodejs\node_modules\npm\lib\utils\spawn.js:40:14)
14 verbose stack     at emitTwo (events.js:106:13)
14 verbose stack     at ChildProcess.emit (events.js:191:7)
14 verbose stack     at maybeClose (internal/child_process.js:877:16)
14 verbose stack     at Process.ChildProcess._handle.onexit (internal/child_process.js:226:5)
15 verbose pkgid usersmongo@1.0.0
16 verbose cwd C:\users\HP Pavilion\Documents\noby-coding\usersMongo
17 error Windows_NT 10.0.15063
18 error argv "C:\\Program Files\\nodejs\\node.exe" "C:\\Program Files\\nodejs\\node_modules\\npm\\bin\\npm-cli.js" "run" "test"
19 error node v6.10.0
20 error npm  v3.10.10
21 error code ELIFECYCLE
22 error usersmongo@1.0.0 test: `nodemon --exec mocha`
22 error Exit status 100
23 error Failed at the usersmongo@1.0.0 test script 'nodemon --exec mocha'.
23 error Make sure you have the latest version of node.js and npm installed.
23 error If you do, this is most likely a problem with the usersmongo package,
23 error not with npm itself.
23 error Tell the author that this fails on your system:
23 error     nodemon --exec mocha
23 error You can get information on how to open an issue for this project with:
23 error     npm bugs usersmongo
23 error Or if that isn't available, you can get their info via:
23 error     npm owner ls usersmongo
23 error There is likely additional logging output above.
24 verbose exit [ 1, true ]
